Flow report for vhdl-jtag
Tue Apr  7 01:01:39 2015
Quartus II 64-Bit Version 13.0.1 Build 232 06/12/2013 Service Pack 1 SJ Web Edition


---------------------
; Table of Contents ;
---------------------
  1. Legal Notice
  2. Flow Summary
  3. Flow Settings
  4. Flow Non-Default Global Settings
  5. Flow Elapsed Time
  6. Flow OS Summary
  7. Flow Log
  8. Flow Messages
  9. Flow Suppressed Messages



----------------
; Legal Notice ;
----------------
Copyright (C) 1991-2013 Altera Corporation
Your use of Altera Corporation's design tools, logic functions 
and other software and tools, and its AMPP partner logic 
functions, and any output files from any of the foregoing 
(including device programming or simulation files), and any 
associated documentation or information are expressly subject 
to the terms and conditions of the Altera Program License 
Subscription Agreement, Altera MegaCore Function License 
Agreement, or other applicable license agreement, including, 
without limitation, that your use is for the sole purpose of 
programming logic devices manufactured by Altera and sold by 
Altera or its authorized distributors.  Please refer to the 
applicable agreement for further details.



+-----------------------------------------------------------------------------+
; Flow Summary                                                                ;
+---------------------------+-------------------------------------------------+
; Flow Status               ; Successful - Tue Apr  7 01:01:39 2015           ;
; Quartus II 64-Bit Version ; 13.0.1 Build 232 06/12/2013 SP 1 SJ Web Edition ;
; Revision Name             ; vhdl-jtag                                       ;
; Top-level Entity Name     ; jtagger                                         ;
; Family                    ; MAX3000A                                        ;
; Device                    ; EPM3064ATC44-10                                 ;
; Timing Models             ; Final                                           ;
; Total macrocells          ; 53 / 64 ( 83 % )                                ;
; Total pins                ; 24 / 34 ( 71 % )                                ;
+---------------------------+-------------------------------------------------+


+-----------------------------------------+
; Flow Settings                           ;
+-------------------+---------------------+
; Option            ; Setting             ;
+-------------------+---------------------+
; Start date & time ; 04/07/2015 01:01:27 ;
; Main task         ; Compilation         ;
; Revision Name     ; vhdl-jtag           ;
+-------------------+---------------------+


+-----------------------------------------------------------------------------------------------------------------------+
; Flow Non-Default Global Settings                                                                                      ;
+--------------------------------------+---------------------------------+---------------+-------------+----------------+
; Assignment Name                      ; Value                           ; Default Value ; Entity Name ; Section Id     ;
+--------------------------------------+---------------------------------+---------------+-------------+----------------+
; COMPILER_SIGNATURE_ID                ; 0.142838288709582               ; --            ; --          ; --             ;
; EDA_DESIGN_INSTANCE_NAME             ; NA                              ; --            ; --          ; main_test      ;
; EDA_NATIVELINK_SIMULATION_TEST_BENCH ; main_test                       ; --            ; --          ; eda_simulation ;
; EDA_OUTPUT_DATA_FORMAT               ; Vhdl                            ; --            ; --          ; eda_simulation ;
; EDA_SIMULATION_TOOL                  ; ModelSim-Altera (VHDL)          ; <None>        ; --          ; --             ;
; EDA_TEST_BENCH_ENABLE_STATUS         ; TEST_BENCH_MODE                 ; --            ; --          ; eda_simulation ;
; EDA_TEST_BENCH_FILE                  ; simulation/modelsim/jtagger.vht ; --            ; --          ; main_test      ;
; EDA_TEST_BENCH_MODULE_NAME           ; main_test                       ; --            ; --          ; main_test      ;
; EDA_TEST_BENCH_NAME                  ; main_test                       ; --            ; --          ; eda_simulation ;
; FITTER_EFFORT                        ; Standard Fit                    ; Auto Fit      ; --          ; --             ;
; MAX_CORE_JUNCTION_TEMP               ; 85                              ; --            ; --          ; --             ;
; MIN_CORE_JUNCTION_TEMP               ; 0                               ; --            ; --          ; --             ;
; OPTIMIZE_HOLD_TIMING                 ; Off                             ; --            ; --          ; --             ;
; PROJECT_OUTPUT_DIRECTORY             ; output_files                    ; --            ; --          ; --             ;
; TOP_LEVEL_ENTITY                     ; jtagger                         ; vhdl-jtag     ; --          ; --             ;
+--------------------------------------+---------------------------------+---------------+-------------+----------------+


+--------------------------------------------------------------------------------------------------------------------------+
; Flow Elapsed Time                                                                                                        ;
+----------------------+--------------+-------------------------+---------------------+------------------------------------+
; Module Name          ; Elapsed Time ; Average Processors Used ; Peak Virtual Memory ; Total CPU Time (on all processors) ;
+----------------------+--------------+-------------------------+---------------------+------------------------------------+
; Analysis & Synthesis ; 00:00:03     ; 1.0                     ; 624 MB              ; 00:00:03                           ;
; Fitter               ; 00:00:02     ; 1.0                     ; 461 MB              ; 00:00:01                           ;
; Total                ; 00:00:05     ; --                      ; --                  ; 00:00:04                           ;
+----------------------+--------------+-------------------------+---------------------+------------------------------------+


+------------------------------------------------------------------------------------+
; Flow OS Summary                                                                    ;
+----------------------+------------------+------------+------------+----------------+
; Module Name          ; Machine Hostname ; OS Name    ; OS Version ; Processor type ;
+----------------------+------------------+------------+------------+----------------+
; Analysis & Synthesis ; cmp-desktop      ; Arch Linux ; Arch Linux ; x86_64         ;
; Fitter               ; cmp-desktop      ; Arch Linux ; Arch Linux ; x86_64         ;
+----------------------+------------------+------------+------------+----------------+


------------
; Flow Log ;
------------
quartus_map --read_settings_files=on --write_settings_files=off vhdl-jtag -c vhdl-jtag
quartus_fit --read_settings_files=on --write_settings_files=off vhdl-jtag -c vhdl-jtag



